Analyzing contract ../smartbugs_wild/bytecode//0x066128b9f7557b5398db3d4ed141f2e64245ffa1.code
Start time: 18/08/2022 23:16:05
Building CFG...
CFG generation time (secs): 2.06

Checking contract for [4mViolated-AC-Check[0m 
------------------

Violated access control check in function killBounty(uint256)
	( 3025)  bd1:	57	-2 +0 = -2	JUMPI
+--Attacker can make changes to AC item {1} in function issueAndActivateBounty(address,uint256,string,uint256,address,bool,address,uint256)
+--Attacker can make changes to AC item {1} in function contribute(uint256,uint256)

Violated access control check in function extendDeadline(uint256,uint256)
	( 4754) 1292:	57	-2 +0 = -2	JUMPI
+--Attacker can make changes to AC item {1} in function issueAndActivateBounty(address,uint256,string,uint256,address,bool,address,uint256)
+--Attacker can make changes to AC item {1} in function contribute(uint256,uint256)

Violated access control check in function increasePayout(uint256,uint256,uint256)
	( 5493) 1575:	57	-2 +0 = -2	JUMPI
+--Attacker can make changes to AC item {1} in function issueAndActivateBounty(address,uint256,string,uint256,address,bool,address,uint256)
+--Attacker can make changes to AC item {1} in function contribute(uint256,uint256)

Violated access control check in function updateFulfillment(uint256,uint256,string)
	( 5122) 1402:	57	-2 +0 = -2	JUMPI
+--Attacker can make changes to AC item {1, 2} in function issueAndActivateBounty(address,uint256,string,uint256,address,bool,address,uint256)

Violated access control check in function changeBountyFulfillmentAmount(uint256,uint256)
	( 6803) 1a93:	57	-2 +0 = -2	JUMPI
+--Attacker can make changes to AC item {1} in function issueAndActivateBounty(address,uint256,string,uint256,address,bool,address,uint256)
+--Attacker can make changes to AC item {1} in function contribute(uint256,uint256)

Violated access control check in function transferIssuer(uint256,address)
	( 7130) 1bda:	57	-2 +0 = -2	JUMPI
+--Attacker can make changes to AC item {1} in function issueAndActivateBounty(address,uint256,string,uint256,address,bool,address,uint256)
+--Attacker can make changes to AC item {1} in function contribute(uint256,uint256)

Violated access control check in function fulfillBounty(uint256,string)
	( 4131) 1023:	57	-2 +0 = -2	JUMPI
+--Attacker can make changes to AC item {1} in function issueAndActivateBounty(address,uint256,string,uint256,address,bool,address,uint256)
+--Attacker can make changes to AC item {1} in function contribute(uint256,uint256)

Violated access control check in function activateBounty(uint256,uint256)
	( 7499) 1d4b:	57	-2 +0 = -2	JUMPI
+--Attacker can make changes to AC item {1} in function issueAndActivateBounty(address,uint256,string,uint256,address,bool,address,uint256)
+--Attacker can make changes to AC item {1} in function contribute(uint256,uint256)

Violated access control check in function changeBountyPaysTokens(uint256,bool,address)
	(12186) 2f9a:	57	-2 +0 = -2	JUMPI
+--Attacker can make changes to AC item {1} in function issueAndActivateBounty(address,uint256,string,uint256,address,bool,address,uint256)
+--Attacker can make changes to AC item {1} in function contribute(uint256,uint256)

Violated access control check in function changeBountyArbiter(uint256,address)
	(13904) 3650:	57	-2 +0 = -2	JUMPI
+--Attacker can make changes to AC item {1} in function issueAndActivateBounty(address,uint256,string,uint256,address,bool,address,uint256)
+--Attacker can make changes to AC item {1} in function contribute(uint256,uint256)

Violated access control check in function changeBountyDeadline(uint256,uint256)
	(14289) 37d1:	57	-2 +0 = -2	JUMPI
+--Attacker can make changes to AC item {1} in function issueAndActivateBounty(address,uint256,string,uint256,address,bool,address,uint256)
+--Attacker can make changes to AC item {1} in function contribute(uint256,uint256)

Violated access control check in function acceptFulfillment(uint256,uint256)
	(14669) 394d:	57	-2 +0 = -2	JUMPI
+--Attacker can make changes to AC item {1} in function issueAndActivateBounty(address,uint256,string,uint256,address,bool,address,uint256)
+--Attacker can make changes to AC item {1} in function contribute(uint256,uint256)

Violated access control check in function changeBountyData(uint256,string)
	(16679) 4127:	57	-2 +0 = -2	JUMPI
+--Attacker can make changes to AC item {1} in function issueAndActivateBounty(address,uint256,string,uint256,address,bool,address,uint256)
+--Attacker can make changes to AC item {1} in function contribute(uint256,uint256)


Checking contract for [4mMissing-AC-Check[0m 
------------------
Analysis time (secs): 119.89
End time: 18/08/2022 23:18:07
