Analyzing contract ../smartbugs_wild/bytecode//0x0f0b41bbedd1750ee3a7d581fe124420fc9f6508.code
Start time: 19/08/2022 05:26:41
Building CFG...
CFG generation time (secs): 0.34

Checking contract for [4mViolated-AC-Check[0m 
------------------

Violated access control check in function emitTransfer(address,address,uint256)
	( 5972) 1754:	57	-2 +0 = -2	JUMPI
+--Attacker can make changes to AC item {0} in function init(address,string,string)

Violated access control check in function emitApprove(address,address,uint256)
	( 5834) 16ca:	57	-2 +0 = -2	JUMPI
+--Attacker can make changes to AC item {0} in function init(address,string,string)

Violated access control check in function _forwardApprove(address,uint256,address)
	( 7703) 1e17:	57	-2 +0 = -2	JUMPI
+--Attacker can make changes to AC item {4} in function proposeUpgrade(address)

Violated access control check in function _forwardTransferFromToICAPWithReference(address,bytes32,uint256,string,address)
	( 8120) 1fb8:	57	-2 +0 = -2	JUMPI
+--Attacker can make changes to AC item {4} in function proposeUpgrade(address)

Violated access control check in function _forwardTransferFromWithReference(address,address,uint256,string,address)
	( 5345) 14e1:	57	-2 +0 = -2	JUMPI
+--Attacker can make changes to AC item {4} in function proposeUpgrade(address)


Checking contract for [4mMissing-AC-Check[0m 
------------------
Analysis time (secs): 17.00
End time: 19/08/2022 05:26:59
