Analyzing contract ../smartbugs_wild/bytecode//0x10fbf61e4cce57d72eed8b5d9728134ce374bd82.code
Start time: 19/08/2022 07:18:22
Building CFG...
CFG generation time (secs): 1.26

Checking contract for [4mViolated-AC-Check[0m 
------------------

Violated access control check in function setNameNewAddress(address,address)
	( 3944)  f68:	57	-2 +0 = -2	JUMPI
+--Attacker can make changes to AC item {7} in function setNameAccountRecoveryAddress(address)

Violated access control check in function incrementNonce(address)
	(11164) 2b9c:	57	-2 +0 = -2	JUMPI
+--Attacker can make changes to AC item {1} in function setNameTAOPositionAddress(address)

Violated access control check in function incrementNonce(address)
	(11185) 2bb1:	57	-2 +0 = -2	JUMPI
+--Attacker can make changes to AC item {6} in function setNamePublicKeyAddress(address)

Violated access control check in function incrementNonce(address)
	(11207) 2bc7:	57	-2 +0 = -2	JUMPI
+--Attacker can make changes to AC item {7} in function setNameAccountRecoveryAddress(address)


Checking contract for [4mMissing-AC-Check[0m 
------------------
Analysis time (secs): 24.16
End time: 19/08/2022 07:18:48
