Analyzing contract ../smartbugs_wild/bytecode//0x102e3bcc2fb6a2fe4c1c4cf09021a5638008b721.code
Start time: 19/08/2022 06:50:17
Building CFG...
CFG generation time (secs): 1.73

Checking contract for [4mViolated-AC-Check[0m 
------------------

Violated access control check in function withdrawAltcoinTokens(address)
	( 2814)  afe:	57	-2 +0 = -2	JUMPI
+--Attacker can make changes to AC item {1} in function HTX()
+--Attacker can make changes to AC item {1} in function transferOwnership(address)

Violated access control check in function withdraw()
	( 4380) 111c:	57	-2 +0 = -2	JUMPI
+--Attacker can make changes to AC item {1} in function HTX()
+--Attacker can make changes to AC item {1} in function transferOwnership(address)

Violated access control check in function burn(uint256)
	( 4612) 1204:	57	-2 +0 = -2	JUMPI
+--Attacker can make changes to AC item {1} in function HTX()
+--Attacker can make changes to AC item {1} in function transferOwnership(address)

Violated access control check in function adminClaimAirdrop(address,uint256)
	( 5070) 13ce:	57	-2 +0 = -2	JUMPI
+--Attacker can make changes to AC item {1} in function HTX()
+--Attacker can make changes to AC item {1} in function transferOwnership(address)

Violated access control check in function adminClaimAirdropMultiple(address[],uint256)
	( 5178) 143a:	57	-2 +0 = -2	JUMPI
+--Attacker can make changes to AC item {1} in function HTX()
+--Attacker can make changes to AC item {1} in function transferOwnership(address)

Violated access control check in function finishDistribution()
	( 5467) 155b:	57	-2 +0 = -2	JUMPI
+--Attacker can make changes to AC item {1} in function HTX()
+--Attacker can make changes to AC item {1} in function transferOwnership(address)

Violated access control check in function updateTokensPerEth(uint256)
	( 5665) 1621:	57	-2 +0 = -2	JUMPI
+--Attacker can make changes to AC item {1} in function HTX()
+--Attacker can make changes to AC item {1} in function transferOwnership(address)

Violated access control check in function transferOwnership(address)
	( 6931) 1b13:	57	-2 +0 = -2	JUMPI
+--Attacker can make changes to AC item {1} in function HTX()
+--Attacker can make changes to AC item {1} in function transferOwnership(address)


Checking contract for [4mMissing-AC-Check[0m 
------------------
Analysis time (secs): 5.07
End time: 19/08/2022 06:50:24
