Analyzing contract ../smartbugs_wild/bytecode//0x13a517751318cce71a524006b16f7930b3515ccf.code
Start time: 19/08/2022 08:36:28
Building CFG...
CFG generation time (secs): 3.37

Checking contract for [4mViolated-AC-Check[0m 
------------------

Violated access control check in function withdrawAltcoinTokens(address)
	( 1560)  618:	57	-2 +0 = -2	JUMPI
+--Attacker can make changes to AC item {1} in function BluechipToken()
+--Attacker can make changes to AC item {1} in function transferOwnership(address)

Violated access control check in function withdraw()
	( 2274)  8e2:	57	-2 +0 = -2	JUMPI
+--Attacker can make changes to AC item {1} in function BluechipToken()
+--Attacker can make changes to AC item {1} in function transferOwnership(address)

Violated access control check in function burn(uint256)
	( 2370)  942:	57	-2 +0 = -2	JUMPI
+--Attacker can make changes to AC item {1} in function BluechipToken()
+--Attacker can make changes to AC item {1} in function transferOwnership(address)

Violated access control check in function adminClaimAirdrop(address,uint256)
	( 2590)  a1e:	57	-2 +0 = -2	JUMPI
+--Attacker can make changes to AC item {1} in function BluechipToken()
+--Attacker can make changes to AC item {1} in function transferOwnership(address)

Violated access control check in function adminClaimAirdropMultiple(address[],uint256)
	( 2626)  a42:	57	-2 +0 = -2	JUMPI
+--Attacker can make changes to AC item {1} in function BluechipToken()
+--Attacker can make changes to AC item {1} in function transferOwnership(address)

Violated access control check in function finishDistribution()
	( 2733)  aad:	57	-2 +0 = -2	JUMPI
+--Attacker can make changes to AC item {1} in function BluechipToken()
+--Attacker can make changes to AC item {1} in function transferOwnership(address)

Violated access control check in function updateTokensPerEth(uint256)
	( 2887)  b47:	57	-2 +0 = -2	JUMPI
+--Attacker can make changes to AC item {1} in function BluechipToken()
+--Attacker can make changes to AC item {1} in function transferOwnership(address)

Violated access control check in function transferOwnership(address)
	( 3444)  d74:	57	-2 +0 = -2	JUMPI
+--Attacker can make changes to AC item {1} in function BluechipToken()
+--Attacker can make changes to AC item {1} in function transferOwnership(address)


Checking contract for [4mMissing-AC-Check[0m 
------------------
Analysis time (secs): 5.57
End time: 19/08/2022 08:36:37
