Analyzing contract ../smartbugs_wild/bytecode//0x17e5f19d430788323863c6798ecd762a40de29f5.code
Start time: 19/08/2022 11:39:01
Building CFG...
CFG generation time (secs): 9.87

Checking contract for [4mViolated-AC-Check[0m 
------------------

Violated access control check in function withdraw()
	( 1907)  773:	57	-2 +0 = -2	JUMPI
+--Attacker can make changes to AC item {1} in function VitToken()
+--Attacker can make changes to AC item {1} in function transferOwnership(address)

Violated access control check in function burn(uint256)
	( 2003)  7d3:	57	-2 +0 = -2	JUMPI
+--Attacker can make changes to AC item {1} in function VitToken()
+--Attacker can make changes to AC item {1} in function transferOwnership(address)

Violated access control check in function finishDistribution()
	( 2373)  945:	57	-2 +0 = -2	JUMPI
+--Attacker can make changes to AC item {1} in function VitToken()
+--Attacker can make changes to AC item {1} in function transferOwnership(address)

Violated access control check in function withdrawForeignTokens(address)
	( 2955)  b8b:	57	-2 +0 = -2	JUMPI
+--Attacker can make changes to AC item {1} in function VitToken()
+--Attacker can make changes to AC item {1} in function transferOwnership(address)

Violated access control check in function transferOwnership(address)
	( 3294)  cde:	57	-2 +0 = -2	JUMPI
+--Attacker can make changes to AC item {1} in function VitToken()
+--Attacker can make changes to AC item {1} in function transferOwnership(address)


Checking contract for [4mMissing-AC-Check[0m 
------------------
Analysis time (secs): 8.74
End time: 19/08/2022 11:39:19
