Analyzing contract ../smartbugs_wild/bytecode//0x17e5e0910b9185b0ede564dcbf074ca910ad56a4.code
Start time: 19/08/2022 11:38:56
Building CFG...
CFG generation time (secs): 0.01

Checking contract for [4mViolated-AC-Check[0m 
------------------


Checking contract for [4mMissing-AC-Check[0m 
------------------
(Controlable Address of SELFDESTRUCT) Missing access control check in function authenticate(bytes)
Needed to protect following instruction in function authenticate(bytes)
(  651)  28b:	ff	-1 +0 = -1	SELFDESTRUCT

(Controlable Address of SELFDESTRUCT) Missing access control check in function authenticate(bytes)
Needed to protect following instruction in function authenticate(bytes)
(  860)  35c:	ff	-1 +0 = -1	SELFDESTRUCT

(Non protected SELFDESTRUCT) Missing access control check in function authenticate(bytes)
Needed to protect following instruction in function authenticate(bytes)
(  651)  28b:	ff	-1 +0 = -1	SELFDESTRUCT

(Non protected SELFDESTRUCT) Missing access control check in function authenticate(bytes)
Needed to protect following instruction in function authenticate(bytes)
(  860)  35c:	ff	-1 +0 = -1	SELFDESTRUCT

Analysis time (secs): 1.47
End time: 19/08/2022 11:38:58
