Analyzing contract ../smartbugs_wild/bytecode//0x1d8cd6eab10ab7d673fa7b4c5f93fe167953d4f9.code
Start time: 19/08/2022 16:25:12
Building CFG...
CFG generation time (secs): 0.06

Checking contract for [4mViolated-AC-Check[0m 
------------------

Violated access control check in function withdrawTokenTo(address,address)
	( 1320)  528:	57	-2 +0 = -2	JUMPI
+--(Possible Intended Behavior) Attacker can make changes to AC item {0} in function init()
+--Attacker can make changes to AC item {0} in function transferOwnership(address)

Violated access control check in function transferOwnership(address)
	( 1580)  62c:	57	-2 +0 = -2	JUMPI
+--(Possible Intended Behavior) Attacker can make changes to AC item {0} in function init()
+--Attacker can make changes to AC item {0} in function transferOwnership(address)

Violated access control check in function withdraw(address,uint256)
	( 1648)  670:	57	-2 +0 = -2	JUMPI
+--(Possible Intended Behavior) Attacker can make changes to AC item {0} in function init()
+--Attacker can make changes to AC item {0} in function transferOwnership(address)


Checking contract for [4mMissing-AC-Check[0m 
------------------
(Controlable Address of SELFDESTRUCT) Missing access control check in function init()
Needed to protect following instruction in function kill()
(  885)  375:	ff	-1 +0 = -1	SELFDESTRUCT

(Non protected SELFDESTRUCT) Missing access control check in function kill()
Needed to protect following instruction in function kill()
(  885)  375:	ff	-1 +0 = -1	SELFDESTRUCT

Analysis time (secs): 2.01
End time: 19/08/2022 16:25:14
