Analyzing contract ../smartbugs_wild/bytecode//0x2b9b643d017ef2505647b84109766e19a24dcc74.code
Start time: 20/08/2022 01:35:31
Building CFG...
CFG generation time (secs): 0.07

Checking contract for [4mViolated-AC-Check[0m 
------------------
(  761)  2f9:	57	-2 +0 = -2	JUMPI
((  756)  2f4:	34	-0 +1 = 1	CALLVALUE, (  757)  2f5:	15	-1 +1 = 0	ISZERO, (    0)    0:	63	-0 +1 = 1	PUSH4(3735929054) 	deadc0de)

Violated access control check in function lockBalances()
	( 2187)  88b:	57	-2 +0 = -2	JUMPI
+--Attacker can make changes to AC item {0} in function setOwner(address)

Violated access control check in function setExportFee(address,uint256)
	( 2295)  8f7:	57	-2 +0 = -2	JUMPI
+--Attacker can make changes to AC item {0} in function setOwner(address)

Violated access control check in function setHoldingPeriod(uint256)
	( 3374)  d2e:	57	-2 +0 = -2	JUMPI
+--Attacker can make changes to AC item {0} in function setOwner(address)

Violated access control check in function uploadBalances(address[],uint256[])
	( 3427)  d63:	57	-2 +0 = -2	JUMPI
+--Attacker can make changes to AC item {0} in function setOwner(address)


Checking contract for [4mMissing-AC-Check[0m 
------------------
Analysis time (secs): 2.46
End time: 20/08/2022 01:35:34
