Analyzing contract ../smartbugs_wild/bytecode//0x2b67d1a87a8d8b280a23e97bc55095215ee0ec53.code
Start time: 20/08/2022 01:28:50
Building CFG...
CFG generation time (secs): 0.01

Checking contract for [4mViolated-AC-Check[0m 
------------------

Violated access control check in function transferDelegation(address)
	( 1302)  516:	57	-2 +0 = -2	JUMPI
+--(Possible Intended Behavior) Attacker can make changes to AC item {3} in function initialize(address,uint256)
+--Attacker can make changes to AC item {3} in function transferOwnership(address)

Violated access control check in function transferOwnership(address)
	( 2378)  94a:	57	-2 +0 = -2	JUMPI
+--(Possible Intended Behavior) Attacker can make changes to AC item {3} in function initialize(address,uint256)
+--Attacker can make changes to AC item {3} in function transferOwnership(address)


Checking contract for [4mMissing-AC-Check[0m 
------------------
(Controlable Target of DELEGATECALL) Missing access control check in function initialize(address,uint256)
Needed to protect following instruction in function initialize(address,uint256)
( 1151)  47f:	f4	-6 +1 = -5	DELEGATECALL

Analysis time (secs): 1.29
End time: 20/08/2022 01:28:51
