Analyzing contract ../smartbugs_wild/bytecode//0x2cbc88071f7c0eff084332b8acaa01f1f33eba50.code
Start time: 20/08/2022 02:26:07
Building CFG...
CFG generation time (secs): 3.41

Checking contract for [4mViolated-AC-Check[0m 
------------------

Violated access control check in function () payable
	(  306)  132:	57	-2 +0 = -2	JUMPI
+--Attacker can make changes to AC item {0} in function owned()
+--Attacker can make changes to AC item {0} in function transferOwnership(address)

Violated access control check in function setMax(uint256)
	( 1857)  741:	57	-2 +0 = -2	JUMPI
+--Attacker can make changes to AC item {0} in function owned()
+--Attacker can make changes to AC item {0} in function transferOwnership(address)

Violated access control check in function kill()
	( 1920)  780:	57	-2 +0 = -2	JUMPI
+--Attacker can make changes to AC item {0} in function owned()
+--Attacker can make changes to AC item {0} in function transferOwnership(address)

Violated access control check in function setCost(uint256)
	( 1965)  7ad:	57	-2 +0 = -2	JUMPI
+--Attacker can make changes to AC item {0} in function owned()
+--Attacker can make changes to AC item {0} in function transferOwnership(address)

Violated access control check in function setWaitTime(uint8)
	( 2006)  7d6:	57	-2 +0 = -2	JUMPI
+--Attacker can make changes to AC item {0} in function owned()
+--Attacker can make changes to AC item {0} in function transferOwnership(address)

Violated access control check in function enableProxy(address)
	( 2303)  8ff:	57	-2 +0 = -2	JUMPI
+--Attacker can make changes to AC item {0} in function owned()
+--Attacker can make changes to AC item {0} in function transferOwnership(address)

Violated access control check in function removeProxy(address)
	( 2379)  94b:	57	-2 +0 = -2	JUMPI
+--Attacker can make changes to AC item {0} in function owned()
+--Attacker can make changes to AC item {0} in function transferOwnership(address)

Violated access control check in function transferOwnership(address)
	( 2591)  a1f:	57	-2 +0 = -2	JUMPI
+--Attacker can make changes to AC item {0} in function owned()
+--Attacker can make changes to AC item {0} in function transferOwnership(address)

Violated access control check in function withdraw(address,uint256)
	( 2664)  a68:	57	-2 +0 = -2	JUMPI
+--Attacker can make changes to AC item {0} in function owned()
+--Attacker can make changes to AC item {0} in function transferOwnership(address)


Checking contract for [4mMissing-AC-Check[0m 
------------------
(Controlable Address of SELFDESTRUCT) Missing access control check in function owned()
Needed to protect following instruction in function kill()
( 1938)  792:	ff	-1 +0 = -1	SELFDESTRUCT

Analysis time (secs): 34.37
End time: 20/08/2022 02:26:45
