Analyzing contract ../smartbugs_wild/bytecode//0x3c642be0bb6cb9151652b999b26d80155bcea7de.code
Start time: 20/08/2022 14:37:26
Building CFG...
CFG generation time (secs): 109.22

Checking contract for [4mViolated-AC-Check[0m 
------------------

Violated access control check in function approve(address,uint256)
	( 3802)  eda:	57	-2 +0 = -2	JUMPI
+--Attacker can make changes to AC item {1} in function claimToken(address,string)

Violated access control check in function transferFrom(address,address,uint256)
	( 7313) 1c91:	57	-2 +0 = -2	JUMPI
+--Attacker can make changes to AC item {1} in function claimToken(address,string)

Violated access control check in function safeTransferFrom(address,address,uint256)
	( 7313) 1c91:	57	-2 +0 = -2	JUMPI
+--Attacker can make changes to AC item {1} in function claimToken(address,string)

Violated access control check in function safeTransferFrom(address,address,uint256,bytes)
	( 7313) 1c91:	57	-2 +0 = -2	JUMPI
+--Attacker can make changes to AC item {1} in function claimToken(address,string)


Checking contract for [4mMissing-AC-Check[0m 
------------------
Analysis time (secs): 74.59
End time: 20/08/2022 14:40:29
