Analyzing contract ../smartbugs_wild/bytecode//0x3e84512f277a5081b9209831c51bce665035d9db.code
Start time: 20/08/2022 16:15:08
Building CFG...
CFG generation time (secs): 0.08

Checking contract for [4mViolated-AC-Check[0m 
------------------

Violated access control check in function restart()
	(  313)  139:	57	-2 +0 = -2	JUMPI
+--Attacker can make changes to AC item {6} in function 9229c504
+--Attacker can make changes to AC item {6} in function () payable

Violated access control check in function 9229c504
	(  636)  27c:	57	-2 +0 = -2	JUMPI
+--Attacker can make changes to AC item {6} in function 9229c504
+--Attacker can make changes to AC item {6} in function () payable

Violated access control check in function collectFee()
	(  792)  318:	57	-2 +0 = -2	JUMPI
+--Attacker can make changes to AC item {6} in function 9229c504
+--Attacker can make changes to AC item {6} in function () payable


Checking contract for [4mMissing-AC-Check[0m 
------------------
Analysis time (secs): 6.39
End time: 20/08/2022 16:15:15
