Analyzing contract ../smartbugs_wild/bytecode//0x54e41aefc0eca9f491c7316e1c1741b2b3cce3c8.code
Start time: 21/08/2022 07:55:06
Building CFG...
CFG generation time (secs): 2.70

Checking contract for [4mViolated-AC-Check[0m 
------------------

Violated access control check in function acceptOwnership()
	( 4821) 12d5:	57	-2 +0 = -2	JUMPI
+--Attacker can make changes to AC item {2} in function transferOwnership(address)

Violated access control check in function releaseSupply()
	( 5668) 1624:	57	-2 +0 = -2	JUMPI
+--Attacker can make changes to AC item {1} in function Constructor()
+--Attacker can make changes to AC item {1} in function TOXBToken()

Violated access control check in function transferOwnership(address)
	( 8159) 1fdf:	57	-2 +0 = -2	JUMPI
+--Attacker can make changes to AC item {1} in function Constructor()
+--Attacker can make changes to AC item {1} in function TOXBToken()


Checking contract for [4mMissing-AC-Check[0m 
------------------
Analysis time (secs): 16.93
End time: 21/08/2022 07:55:26
