Analyzing contract ../smartbugs_wild/bytecode//0x5da354ebda60d93dab822b10fe0925489f0b9db7.code
Start time: 21/08/2022 15:03:10
Building CFG...
CFG generation time (secs): 1.64

Checking contract for [4mViolated-AC-Check[0m 
------------------

Violated access control check in function withdraw()
	( 3924)  f54:	57	-2 +0 = -2	JUMPI
+--Attacker can make changes to AC item {1} in function cmctcybermovie()
+--Attacker can make changes to AC item {1} in function transferOwnership(address)

Violated access control check in function burn(uint256)
	( 4156) 103c:	57	-2 +0 = -2	JUMPI
+--Attacker can make changes to AC item {1} in function cmctcybermovie()
+--Attacker can make changes to AC item {1} in function transferOwnership(address)

Violated access control check in function adminClaimAirdrop(address,uint256)
	( 4614) 1206:	57	-2 +0 = -2	JUMPI
+--Attacker can make changes to AC item {1} in function cmctcybermovie()
+--Attacker can make changes to AC item {1} in function transferOwnership(address)

Violated access control check in function adminClaimAirdropMultiple(address[],uint256)
	( 4722) 1272:	57	-2 +0 = -2	JUMPI
+--Attacker can make changes to AC item {1} in function cmctcybermovie()
+--Attacker can make changes to AC item {1} in function transferOwnership(address)

Violated access control check in function withdrawALTokenss(address)
	( 4957) 135d:	57	-2 +0 = -2	JUMPI
+--Attacker can make changes to AC item {1} in function cmctcybermovie()
+--Attacker can make changes to AC item {1} in function transferOwnership(address)

Violated access control check in function finishDistribution()
	( 5592) 15d8:	57	-2 +0 = -2	JUMPI
+--Attacker can make changes to AC item {1} in function cmctcybermovie()
+--Attacker can make changes to AC item {1} in function transferOwnership(address)

Violated access control check in function updateTokensPerEth(uint256)
	( 5790) 169e:	57	-2 +0 = -2	JUMPI
+--Attacker can make changes to AC item {1} in function cmctcybermovie()
+--Attacker can make changes to AC item {1} in function transferOwnership(address)

Violated access control check in function transferOwnership(address)
	( 6930) 1b12:	57	-2 +0 = -2	JUMPI
+--Attacker can make changes to AC item {1} in function cmctcybermovie()
+--Attacker can make changes to AC item {1} in function transferOwnership(address)


Checking contract for [4mMissing-AC-Check[0m 
------------------
Analysis time (secs): 5.26
End time: 21/08/2022 15:03:17
