Analyzing contract ../smartbugs_wild/bytecode//0x62d6655db4d29a38e3fa588bcd4137c6d330c2a2.code
Start time: 21/08/2022 18:48:01
Building CFG...
CFG generation time (secs): 9.92

Checking contract for [4mViolated-AC-Check[0m 
------------------

Violated access control check in function withdraw()
	( 1907)  773:	57	-2 +0 = -2	JUMPI
+--Attacker can make changes to AC item {1} in function transferOwnership(address)
+--Attacker can make changes to AC item {1} in function HXC()

Violated access control check in function burn(uint256)
	( 2003)  7d3:	57	-2 +0 = -2	JUMPI
+--Attacker can make changes to AC item {1} in function transferOwnership(address)
+--Attacker can make changes to AC item {1} in function HXC()

Violated access control check in function finishDistribution()
	( 2308)  904:	57	-2 +0 = -2	JUMPI
+--Attacker can make changes to AC item {1} in function transferOwnership(address)
+--Attacker can make changes to AC item {1} in function HXC()

Violated access control check in function withdrawForeignTokens(address)
	( 2890)  b4a:	57	-2 +0 = -2	JUMPI
+--Attacker can make changes to AC item {1} in function transferOwnership(address)
+--Attacker can make changes to AC item {1} in function HXC()

Violated access control check in function transferOwnership(address)
	( 3229)  c9d:	57	-2 +0 = -2	JUMPI
+--Attacker can make changes to AC item {1} in function transferOwnership(address)
+--Attacker can make changes to AC item {1} in function HXC()


Checking contract for [4mMissing-AC-Check[0m 
------------------
Analysis time (secs): 8.66
End time: 21/08/2022 18:48:19
