Analyzing contract ../smartbugs_wild/bytecode//0x660fcb0834b1293117d472d65186534acf75af4f.code
Start time: 21/08/2022 21:01:32
Building CFG...
CFG generation time (secs): 0.02

Checking contract for [4mViolated-AC-Check[0m 
------------------

Violated access control check in function withdrawTokenTo(address,address,uint256)
	(  694)  2b6:	57	-2 +0 = -2	JUMPI
+--(Possible Intended Behavior) Attacker can make changes to AC item {0} in function initWallet()
+--Attacker can make changes to AC item {0} in function transferOwnership(address)

Violated access control check in function transferOwnership(address)
	( 1160)  488:	57	-2 +0 = -2	JUMPI
+--(Possible Intended Behavior) Attacker can make changes to AC item {0} in function initWallet()
+--Attacker can make changes to AC item {0} in function transferOwnership(address)

Violated access control check in function withdraw(address,uint256)
	( 1228)  4cc:	57	-2 +0 = -2	JUMPI
+--(Possible Intended Behavior) Attacker can make changes to AC item {0} in function initWallet()
+--Attacker can make changes to AC item {0} in function transferOwnership(address)


Checking contract for [4mMissing-AC-Check[0m 
------------------
(Controlable Address of SELFDESTRUCT) Missing access control check in function initWallet()
Needed to protect following instruction in function kill()
( 1024)  400:	ff	-1 +0 = -1	SELFDESTRUCT

(Non protected SELFDESTRUCT) Missing access control check in function kill()
Needed to protect following instruction in function kill()
( 1024)  400:	ff	-1 +0 = -1	SELFDESTRUCT

Analysis time (secs): 1.92
End time: 21/08/2022 21:01:34
