Analyzing contract ../smartbugs_wild/bytecode//0x6b31a898f7e711b323a6212eac4ae250e0d6624f.code
Start time: 22/08/2022 03:49:24
Building CFG...
CFG generation time (secs): 0.05

Checking contract for [4mViolated-AC-Check[0m 
------------------

Violated access control check in function killContract()
	( 2264)  8d8:	57	-2 +0 = -2	JUMPI
+--Attacker can make changes to AC item {2} in function QLinkToken()
+--(Possible Intended Behavior) Attacker can make changes to AC item {2} in function changeOwner(address)

Violated access control check in function changeNameSymbol(string,string)
	( 3484)  d9c:	57	-2 +0 = -2	JUMPI
+--Attacker can make changes to AC item {2} in function QLinkToken()
+--(Possible Intended Behavior) Attacker can make changes to AC item {2} in function changeOwner(address)


Checking contract for [4mMissing-AC-Check[0m 
------------------
(Controlable Address of SELFDESTRUCT) Missing access control check in function QLinkToken()
Needed to protect following instruction in function killContract()
( 2342)  926:	ff	-1 +0 = -1	SELFDESTRUCT

Analysis time (secs): 3.77
End time: 22/08/2022 03:49:28
