Analyzing contract ../smartbugs_wild/bytecode//0x7012a5ada4cee1d0bfb9f93d0f4ced094d6e8577.code
Start time: 22/08/2022 21:29:56
Building CFG...
CFG generation time (secs): 1.87

Checking contract for [4mViolated-AC-Check[0m 
------------------

Violated access control check in function approve(address,uint256)
	( 6671) 1a0f:	57	-2 +0 = -2	JUMPI
+--Attacker can make changes to AC item {4} in function redeemToken(bytes)

Violated access control check in function transferFrom(address,address,uint256)
	( 8584) 2188:	57	-2 +0 = -2	JUMPI
+--Attacker can make changes to AC item {4} in function redeemToken(bytes)

Violated access control check in function safeTransferFrom(address,address,uint256)
	(18656) 48e0:	57	-2 +0 = -2	JUMPI
+--Attacker can make changes to AC item {4} in function redeemToken(bytes)

Violated access control check in function safeTransferFrom(address,address,uint256,bytes)
	(18656) 48e0:	57	-2 +0 = -2	JUMPI
+--Attacker can make changes to AC item {4} in function redeemToken(bytes)


Checking contract for [4mMissing-AC-Check[0m 
------------------
Analysis time (secs): 77.75
End time: 22/08/2022 21:31:16
