Analyzing contract ../smartbugs_wild/bytecode//0x76880e1ab0bf868bd7ff97264dc23880739dfbdc.code
Start time: 23/08/2022 21:55:05
Building CFG...
CFG generation time (secs): 70.97

Checking contract for [4mViolated-AC-Check[0m 
------------------

Violated access control check in function setOwner(address)
	( 3343)  d0f:	57	-2 +0 = -2	JUMPI
+--Attacker can make changes to AC item {0} in function KingOfTheEthill()

Violated access control check in function setDevFee(uint256)
	( 3507)  db3:	57	-2 +0 = -2	JUMPI
+--Attacker can make changes to AC item {0} in function KingOfTheEthill()

Violated access control check in function setRollover(uint256)
	( 4071)  fe7:	57	-2 +0 = -2	JUMPI
+--Attacker can make changes to AC item {0} in function KingOfTheEthill()

Violated access control check in function setNextBidExpireBlockLength(uint256)
	( 4824) 12d8:	57	-2 +0 = -2	JUMPI
+--Attacker can make changes to AC item {0} in function KingOfTheEthill()


Checking contract for [4mMissing-AC-Check[0m 
------------------
Analysis time (secs): 21.74
End time: 23/08/2022 21:56:38
