Analyzing contract ../smartbugs_wild/bytecode//0x781fb4f25d07de3f3cfe2476645e52e0c661eefc.code
Start time: 24/08/2022 03:16:48
Building CFG...
CFG generation time (secs): 7.72

Checking contract for [4mViolated-AC-Check[0m 
------------------

Violated access control check in function withdraw()
	( 3830)  ef6:	57	-2 +0 = -2	JUMPI
+--Attacker can make changes to AC item {1} in function CCN()

Violated access control check in function burn(uint256)
	( 4064)  fe0:	57	-2 +0 = -2	JUMPI
+--Attacker can make changes to AC item {1} in function CCN()

Violated access control check in function finishDistribution()
	( 4654) 122e:	57	-2 +0 = -2	JUMPI
+--Attacker can make changes to AC item {1} in function CCN()

Violated access control check in function withdrawCryptoCurrencyNetworkTokens(address)
	( 4857) 12f9:	57	-2 +0 = -2	JUMPI
+--Attacker can make changes to AC item {1} in function CCN()

Violated access control check in function transferOwnership(address)
	( 6405) 1905:	57	-2 +0 = -2	JUMPI
+--Attacker can make changes to AC item {1} in function CCN()


Checking contract for [4mMissing-AC-Check[0m 
------------------
Analysis time (secs): 9.30
End time: 24/08/2022 03:17:05
