Analyzing contract ../smartbugs_wild/bytecode//0x7bb1e3424dd7ccfba46a55b659742112dfb503d5.code
Start time: 24/08/2022 17:18:54
Building CFG...
CFG generation time (secs): 38.90

Checking contract for [4mViolated-AC-Check[0m 
------------------

Violated access control check in function setPrices(uint256,uint256)
	( 2256)  8d0:	57	-2 +0 = -2	JUMPI
+--Attacker can make changes to AC item {0} in function Constrctor()
+--Attacker can make changes to AC item {0} in function transferOwnership(address)

Violated access control check in function mintToken(address,uint256)
	( 3562)  dea:	57	-2 +0 = -2	JUMPI
+--Attacker can make changes to AC item {0} in function Constrctor()
+--Attacker can make changes to AC item {0} in function transferOwnership(address)

Violated access control check in function transferFrom(address,address,uint256)
	( 6375) 18e7:	57	-2 +0 = -2	JUMPI
+--Attacker can make changes to AC item {9} in function freezeAccount(address,bool)

Violated access control check in function transferFrom(address,address,uint256)
	( 6003) 1773:	57	-2 +0 = -2	JUMPI
+--Attacker can make changes to AC item {5} in function burnFrom(address,uint256)

Violated access control check in function buy()
	( 6375) 18e7:	57	-2 +0 = -2	JUMPI
+--Attacker can make changes to AC item {9} in function freezeAccount(address,bool)

Violated access control check in function buy()
	( 6003) 1773:	57	-2 +0 = -2	JUMPI
+--Attacker can make changes to AC item {5} in function burnFrom(address,uint256)

Violated access control check in function freezeAccount(address,bool)
	( 5626) 15fa:	57	-2 +0 = -2	JUMPI
+--Attacker can make changes to AC item {0} in function Constrctor()
+--Attacker can make changes to AC item {0} in function transferOwnership(address)

Violated access control check in function transfer(address,uint256)
	( 6375) 18e7:	57	-2 +0 = -2	JUMPI
+--Attacker can make changes to AC item {9} in function freezeAccount(address,bool)

Violated access control check in function transfer(address,uint256)
	( 6003) 1773:	57	-2 +0 = -2	JUMPI
+--Attacker can make changes to AC item {5} in function burnFrom(address,uint256)

Violated access control check in function transferOwnership(address)
	( 5919) 171f:	57	-2 +0 = -2	JUMPI
+--Attacker can make changes to AC item {0} in function Constrctor()
+--Attacker can make changes to AC item {0} in function transferOwnership(address)

Violated access control check in function sell(uint256)
	( 6375) 18e7:	57	-2 +0 = -2	JUMPI
+--Attacker can make changes to AC item {9} in function freezeAccount(address,bool)

Violated access control check in function sell(uint256)
	( 6003) 1773:	57	-2 +0 = -2	JUMPI
+--Attacker can make changes to AC item {5} in function burnFrom(address,uint256)


Checking contract for [4mMissing-AC-Check[0m 
------------------
Analysis time (secs): 40.54
End time: 24/08/2022 17:20:14
