Analyzing contract ../smartbugs_wild/bytecode//0x7dd921651b1d6e92a09b92e03769e8f6360efefd.code
Start time: 25/08/2022 01:24:46
Building CFG...
CFG generation time (secs): 1.73

Checking contract for [4mViolated-AC-Check[0m 
------------------

Violated access control check in function withdraw()
	( 3799)  ed7:	57	-2 +0 = -2	JUMPI
+--Attacker can make changes to AC item {1} in function TeamTokensAllocation()
+--Attacker can make changes to AC item {1} in function transferOwnership(address)

Violated access control check in function burn(uint256)
	( 4031)  fbf:	57	-2 +0 = -2	JUMPI
+--Attacker can make changes to AC item {1} in function TeamTokensAllocation()
+--Attacker can make changes to AC item {1} in function transferOwnership(address)

Violated access control check in function adminClaimAirdrop(address,uint256)
	( 4489) 1189:	57	-2 +0 = -2	JUMPI
+--Attacker can make changes to AC item {1} in function TeamTokensAllocation()
+--Attacker can make changes to AC item {1} in function transferOwnership(address)

Violated access control check in function adminClaimAirdropMultiple(address[],uint256)
	( 4723) 1273:	57	-2 +0 = -2	JUMPI
+--Attacker can make changes to AC item {1} in function TeamTokensAllocation()
+--Attacker can make changes to AC item {1} in function transferOwnership(address)

Violated access control check in function withdrawALTokenss(address)
	( 4958) 135e:	57	-2 +0 = -2	JUMPI
+--Attacker can make changes to AC item {1} in function TeamTokensAllocation()
+--Attacker can make changes to AC item {1} in function transferOwnership(address)

Violated access control check in function finishDistribution()
	( 5593) 15d9:	57	-2 +0 = -2	JUMPI
+--Attacker can make changes to AC item {1} in function TeamTokensAllocation()
+--Attacker can make changes to AC item {1} in function transferOwnership(address)

Violated access control check in function updateTokensPerEth(uint256)
	( 5791) 169f:	57	-2 +0 = -2	JUMPI
+--Attacker can make changes to AC item {1} in function TeamTokensAllocation()
+--Attacker can make changes to AC item {1} in function transferOwnership(address)

Violated access control check in function transferOwnership(address)
	( 6931) 1b13:	57	-2 +0 = -2	JUMPI
+--Attacker can make changes to AC item {1} in function TeamTokensAllocation()
+--Attacker can make changes to AC item {1} in function transferOwnership(address)


Checking contract for [4mMissing-AC-Check[0m 
------------------
Analysis time (secs): 5.01
End time: 25/08/2022 01:24:53
