Analyzing contract ../smartbugs_wild/bytecode//0x8170fdafa281530ab8353de4d29a3f45949ee50c.code
Start time: 25/08/2022 13:19:24
Building CFG...
CFG generation time (secs): 0.06

Checking contract for [4mViolated-AC-Check[0m 
------------------

Violated access control check in function disablePresale(bool)
	( 2470)  9a6:	57	-2 +0 = -2	JUMPI
+--Attacker can make changes to AC item {0} in function Own()

Violated access control check in function acceptOwnership()
	( 3740)  e9c:	57	-2 +0 = -2	JUMPI
+--Attacker can make changes to AC item {1} in function transferOwnership(address)

Violated access control check in function transferFunds(address,uint256)
	( 4872) 1308:	57	-2 +0 = -2	JUMPI
+--Attacker can make changes to AC item {0} in function Own()

Violated access control check in function transferAnyERC20Token(address,uint256)
	( 6083) 17c3:	57	-2 +0 = -2	JUMPI
+--Attacker can make changes to AC item {0} in function Own()

Violated access control check in function transferOwnership(address)
	( 6638) 19ee:	57	-2 +0 = -2	JUMPI
+--Attacker can make changes to AC item {0} in function Own()


Checking contract for [4mMissing-AC-Check[0m 
------------------
Analysis time (secs): 3.42
End time: 25/08/2022 13:19:27
