Analyzing contract ../smartbugs_wild/bytecode//0x8fd448a435f6c7613a043f6d1f7bb861264463fa.code
Start time: 26/08/2022 07:49:52
Building CFG...
CFG generation time (secs): 9.04

Checking contract for [4mViolated-AC-Check[0m 
------------------

Violated access control check in function pullBack(address,address,uint256)
	( 4337) 10f1:	57	-2 +0 = -2	JUMPI
+--Attacker can make changes to AC item {0} in function ARBITRAGEToken(address)
+--Attacker can make changes to AC item {0} in function transferOwnership(address)

Violated access control check in function mint(address,address,uint256)
	( 5593) 15d9:	57	-2 +0 = -2	JUMPI
+--Attacker can make changes to AC item {0} in function ARBITRAGEToken(address)
+--Attacker can make changes to AC item {0} in function transferOwnership(address)

Violated access control check in function transferOwnership(address)
	( 6836) 1ab4:	57	-2 +0 = -2	JUMPI
+--Attacker can make changes to AC item {0} in function ARBITRAGEToken(address)
+--Attacker can make changes to AC item {0} in function transferOwnership(address)


Checking contract for [4mMissing-AC-Check[0m 
------------------
Analysis time (secs): 15.53
End time: 26/08/2022 07:50:17
