Analyzing contract ../smartbugs_wild/bytecode//0x91151abe8cea8ee574b50cc01c18ce36cbba3195.code
Start time: 26/08/2022 08:34:37
Building CFG...
CFG generation time (secs): 0.05

Checking contract for [4mViolated-AC-Check[0m 
------------------

Violated access control check in function withdrawTokenTo(address,address,uint256)
	(  759)  2f7:	57	-2 +0 = -2	JUMPI
+--(Possible Intended Behavior) Attacker can make changes to AC item {0} in function init()
+--Attacker can make changes to AC item {0} in function transferOwnership(address)

Violated access control check in function withdrawToken(address)
	(  759)  2f7:	57	-2 +0 = -2	JUMPI
+--(Possible Intended Behavior) Attacker can make changes to AC item {0} in function init()
+--Attacker can make changes to AC item {0} in function transferOwnership(address)

Violated access control check in function emtpyTo(address,address)
	(  759)  2f7:	57	-2 +0 = -2	JUMPI
+--(Possible Intended Behavior) Attacker can make changes to AC item {0} in function init()
+--Attacker can make changes to AC item {0} in function transferOwnership(address)

Violated access control check in function transferOwnership(address)
	( 1428)  594:	57	-2 +0 = -2	JUMPI
+--(Possible Intended Behavior) Attacker can make changes to AC item {0} in function init()
+--Attacker can make changes to AC item {0} in function transferOwnership(address)

Violated access control check in function withdraw(address,uint256)
	( 1496)  5d8:	57	-2 +0 = -2	JUMPI
+--(Possible Intended Behavior) Attacker can make changes to AC item {0} in function init()
+--Attacker can make changes to AC item {0} in function transferOwnership(address)


Checking contract for [4mMissing-AC-Check[0m 
------------------
(Controlable Address of SELFDESTRUCT) Missing access control check in function init()
Needed to protect following instruction in function kill()
(  940)  3ac:	ff	-1 +0 = -1	SELFDESTRUCT

(Non protected SELFDESTRUCT) Missing access control check in function kill()
Needed to protect following instruction in function kill()
(  940)  3ac:	ff	-1 +0 = -1	SELFDESTRUCT

Analysis time (secs): 2.65
End time: 26/08/2022 08:34:39
