Analyzing contract ../smartbugs_wild/bytecode//0x98f0485cdd22710a9a923e616567eadfe62e258e.code
Start time: 26/08/2022 15:34:08
Building CFG...
CFG generation time (secs): 0.05

Checking contract for [4mViolated-AC-Check[0m 
------------------

Violated access control check in function 05d87fe2
	( 2766)  ace:	57	-2 +0 = -2	JUMPI
+--Attacker can make changes to AC item {2} in function ae2df7b3

Violated access control check in function 0ac28725
	( 3005)  bbd:	57	-2 +0 = -2	JUMPI
+--Attacker can make changes to AC item {0} in function 1bd9c46e

Violated access control check in function 248582b0
	( 3511)  db7:	57	-2 +0 = -2	JUMPI
+--Attacker can make changes to AC item {1} in function b35893f3

Violated access control check in function 4d268ddd
	( 4136) 1028:	57	-2 +0 = -2	JUMPI
+--Attacker can make changes to AC item {0} in function 1bd9c46e

Violated access control check in function 9b0b9c07
	( 4921) 1339:	57	-2 +0 = -2	JUMPI
+--Attacker can make changes to AC item {1} in function b35893f3

Violated access control check in function a79deb4f
	( 5066) 13ca:	57	-2 +0 = -2	JUMPI
+--Attacker can make changes to AC item {1} in function b35893f3

Violated access control check in function b3ade772
	( 5487) 156f:	57	-2 +0 = -2	JUMPI
+--Attacker can make changes to AC item {1} in function b35893f3


Checking contract for [4mMissing-AC-Check[0m 
------------------
Analysis time (secs): 4.37
End time: 26/08/2022 15:34:12
