Analyzing contract ../smartbugs_wild/bytecode//0x9ab4fd2234d75cfa894c394b367e48055b531e56.code
Start time: 26/08/2022 16:54:32
Building CFG...
CFG generation time (secs): 0.04

Checking contract for [4mViolated-AC-Check[0m 
------------------

Violated access control check in function setPrices(uint256,uint256)
	( 1279)  4ff:	57	-2 +0 = -2	JUMPI
+--Attacker can make changes to AC item {0} in function owned()
+--Attacker can make changes to AC item {0} in function transferOwnership(address)

Violated access control check in function setExchange(bool)
	( 1657)  679:	57	-2 +0 = -2	JUMPI
+--Attacker can make changes to AC item {0} in function owned()
+--Attacker can make changes to AC item {0} in function transferOwnership(address)

Violated access control check in function mintToken(address,uint256)
	( 1875)  753:	57	-2 +0 = -2	JUMPI
+--Attacker can make changes to AC item {0} in function owned()
+--Attacker can make changes to AC item {0} in function transferOwnership(address)

Violated access control check in function freezeAccount(address,bool)
	( 2994)  bb2:	57	-2 +0 = -2	JUMPI
+--Attacker can make changes to AC item {0} in function owned()
+--Attacker can make changes to AC item {0} in function transferOwnership(address)

Violated access control check in function transferOwnership(address)
	( 3134)  c3e:	57	-2 +0 = -2	JUMPI
+--Attacker can make changes to AC item {0} in function owned()
+--Attacker can make changes to AC item {0} in function transferOwnership(address)


Checking contract for [4mMissing-AC-Check[0m 
------------------
Analysis time (secs): 4.34
End time: 26/08/2022 16:54:36
