Analyzing contract ../smartbugs_wild/bytecode//0xa86914a1402f3cdcb27084e08a47445e8ab1bbab.code
Start time: 27/08/2022 05:34:12
Building CFG...
CFG generation time (secs): 0.08

Checking contract for [4mViolated-AC-Check[0m 
------------------

Violated access control check in function save(uint256)
	( 2552)  9f8:	57	-2 +0 = -2	JUMPI
+--Attacker can make changes to AC item {0} in function constructor()

Violated access control check in function setMinimumPayout(uint256)
	( 3099)  c1b:	57	-2 +0 = -2	JUMPI
+--Attacker can make changes to AC item {0} in function constructor()

Violated access control check in function restore(uint256)
	( 3493)  da5:	57	-2 +0 = -2	JUMPI
+--Attacker can make changes to AC item {0} in function constructor()

Violated access control check in function allowTransferOwnership(bool)
	( 3800)  ed8:	57	-2 +0 = -2	JUMPI
+--Attacker can make changes to AC item {0} in function constructor()

Violated access control check in function transferOwnership(address)
	( 4595) 11f3:	57	-2 +0 = -2	JUMPI
+--Attacker can make changes to AC item {0} in function constructor()


Checking contract for [4mMissing-AC-Check[0m 
------------------
Analysis time (secs): 3.02
End time: 27/08/2022 05:34:15
