Analyzing contract ../smartbugs_wild/bytecode//0xa8dbd8beab9a664fc5a74920bd47411e56966997.code
Start time: 27/08/2022 06:32:54
Building CFG...
CFG generation time (secs): 9.86

Checking contract for [4mViolated-AC-Check[0m 
------------------

Violated access control check in function withdraw()
	( 1907)  773:	57	-2 +0 = -2	JUMPI
+--Attacker can make changes to AC item {1} in function Predatex1()
+--Attacker can make changes to AC item {1} in function transferOwnership(address)

Violated access control check in function burn(uint256)
	( 2068)  814:	57	-2 +0 = -2	JUMPI
+--Attacker can make changes to AC item {1} in function Predatex1()
+--Attacker can make changes to AC item {1} in function transferOwnership(address)

Violated access control check in function finishDistribution()
	( 2373)  945:	57	-2 +0 = -2	JUMPI
+--Attacker can make changes to AC item {1} in function Predatex1()
+--Attacker can make changes to AC item {1} in function transferOwnership(address)

Violated access control check in function withdrawForeignTokens(address)
	( 2955)  b8b:	57	-2 +0 = -2	JUMPI
+--Attacker can make changes to AC item {1} in function Predatex1()
+--Attacker can make changes to AC item {1} in function transferOwnership(address)

Violated access control check in function transferOwnership(address)
	( 3294)  cde:	57	-2 +0 = -2	JUMPI
+--Attacker can make changes to AC item {1} in function Predatex1()
+--Attacker can make changes to AC item {1} in function transferOwnership(address)


Checking contract for [4mMissing-AC-Check[0m 
------------------
Analysis time (secs): 8.51
End time: 27/08/2022 06:33:13
