Analyzing contract ../smartbugs_wild/bytecode//0xafca07564b2902232e5de6de6cea884fb967819a.code
Start time: 27/08/2022 12:28:58
Building CFG...
CFG generation time (secs): 60.14

Checking contract for [4mViolated-AC-Check[0m 
------------------

Violated access control check in function () payable
	( 2676)  a74:	57	-2 +0 = -2	JUMPI
+--Attacker can make changes to AC item {4} in function enableWhitelist(address[])

Violated access control check in function withdraw()
	( 4472) 1178:	57	-2 +0 = -2	JUMPI
+--Attacker can make changes to AC item {1} in function BCN()
+--Attacker can make changes to AC item {1} in function transferOwnership(address)

Violated access control check in function burn(uint256)
	( 4706) 1262:	57	-2 +0 = -2	JUMPI
+--Attacker can make changes to AC item {1} in function BCN()
+--Attacker can make changes to AC item {1} in function transferOwnership(address)

Violated access control check in function disableWhitelist(address[])
	( 5166) 142e:	57	-2 +0 = -2	JUMPI
+--Attacker can make changes to AC item {1} in function BCN()
+--Attacker can make changes to AC item {1} in function transferOwnership(address)

Violated access control check in function airdrop(address[])
	( 5475) 1563:	57	-2 +0 = -2	JUMPI
+--Attacker can make changes to AC item {1} in function BCN()
+--Attacker can make changes to AC item {1} in function transferOwnership(address)

Violated access control check in function finishDistribution()
	( 5817) 16b9:	57	-2 +0 = -2	JUMPI
+--Attacker can make changes to AC item {1} in function BCN()
+--Attacker can make changes to AC item {1} in function transferOwnership(address)

Violated access control check in function enableWhitelist(address[])
	( 6017) 1781:	57	-2 +0 = -2	JUMPI
+--Attacker can make changes to AC item {1} in function BCN()
+--Attacker can make changes to AC item {1} in function transferOwnership(address)

Violated access control check in function distributeAmounts(address[],uint256[])
	( 6379) 18eb:	57	-2 +0 = -2	JUMPI
+--Attacker can make changes to AC item {1} in function BCN()
+--Attacker can make changes to AC item {1} in function transferOwnership(address)

Violated access control check in function getTokens()
	( 2676)  a74:	57	-2 +0 = -2	JUMPI
+--Attacker can make changes to AC item {4} in function enableWhitelist(address[])

Violated access control check in function withdrawForeignTokens(address)
	( 7685) 1e05:	57	-2 +0 = -2	JUMPI
+--Attacker can make changes to AC item {1} in function BCN()
+--Attacker can make changes to AC item {1} in function transferOwnership(address)

Violated access control check in function transferOwnership(address)
	( 8267) 204b:	57	-2 +0 = -2	JUMPI
+--Attacker can make changes to AC item {1} in function BCN()
+--Attacker can make changes to AC item {1} in function transferOwnership(address)

Violated access control check in function distribution(address[],uint256)
	( 8484) 2124:	57	-2 +0 = -2	JUMPI
+--Attacker can make changes to AC item {1} in function BCN()
+--Attacker can make changes to AC item {1} in function transferOwnership(address)


Checking contract for [4mMissing-AC-Check[0m 
------------------
Analysis time (secs): 85.25
End time: 27/08/2022 12:31:24
