Analyzing contract ../smartbugs_wild/bytecode//0xb29b1547e2ce27161fda590f217c2c669e8a376a.code
Start time: 27/08/2022 15:03:23
Building CFG...
CFG generation time (secs): 7.69

Checking contract for [4mViolated-AC-Check[0m 
------------------

Violated access control check in function withdraw()
	( 3830)  ef6:	57	-2 +0 = -2	JUMPI
+--Attacker can make changes to AC item {1} in function SiaCashCoin()
+--Attacker can make changes to AC item {1} in function transferOwnership(address)

Violated access control check in function burn(uint256)
	( 4064)  fe0:	57	-2 +0 = -2	JUMPI
+--Attacker can make changes to AC item {1} in function SiaCashCoin()
+--Attacker can make changes to AC item {1} in function transferOwnership(address)

Violated access control check in function finishDistribution()
	( 4825) 12d9:	57	-2 +0 = -2	JUMPI
+--Attacker can make changes to AC item {1} in function SiaCashCoin()
+--Attacker can make changes to AC item {1} in function transferOwnership(address)

Violated access control check in function withdrawForeignTokens(address)
	( 5994) 176a:	57	-2 +0 = -2	JUMPI
+--Attacker can make changes to AC item {1} in function SiaCashCoin()
+--Attacker can make changes to AC item {1} in function transferOwnership(address)

Violated access control check in function transferOwnership(address)
	( 6576) 19b0:	57	-2 +0 = -2	JUMPI
+--Attacker can make changes to AC item {1} in function SiaCashCoin()
+--Attacker can make changes to AC item {1} in function transferOwnership(address)


Checking contract for [4mMissing-AC-Check[0m 
------------------
Analysis time (secs): 9.90
End time: 27/08/2022 15:03:40
