Analyzing contract ../smartbugs_wild/bytecode//0xb4b70873f4e356304fce6d1de597b29cd2194b79.code
Start time: 27/08/2022 17:16:53
Building CFG...
CFG generation time (secs): 38.38

Checking contract for [4mViolated-AC-Check[0m 
------------------

Violated access control check in function transferFrom(address,address,uint256)
	( 5903) 170f:	57	-2 +0 = -2	JUMPI
+--Attacker can make changes to AC item {5} in function burnFrom(address,uint256)

Violated access control check in function buy()
	( 5903) 170f:	57	-2 +0 = -2	JUMPI
+--Attacker can make changes to AC item {5} in function burnFrom(address,uint256)

Violated access control check in function transfer(address,uint256)
	( 5903) 170f:	57	-2 +0 = -2	JUMPI
+--Attacker can make changes to AC item {5} in function burnFrom(address,uint256)

Violated access control check in function sell(uint256)
	( 5903) 170f:	57	-2 +0 = -2	JUMPI
+--Attacker can make changes to AC item {5} in function burnFrom(address,uint256)


Checking contract for [4mMissing-AC-Check[0m 
------------------
Analysis time (secs): 37.82
End time: 27/08/2022 17:18:09
