Analyzing contract ../smartbugs_wild/bytecode//0xb5aff01f3e820735fac9abb594dc9993cb9e5bd2.code
Start time: 27/08/2022 18:07:26
Building CFG...
CFG generation time (secs): 0.08

Checking contract for [4mViolated-AC-Check[0m 
------------------

Violated access control check in function restart()
	(  313)  139:	57	-2 +0 = -2	JUMPI
+--Attacker can make changes to AC item {6} in function 9229c504
+--Attacker can make changes to AC item {6} in function () payable

Violated access control check in function 9229c504
	(  628)  274:	57	-2 +0 = -2	JUMPI
+--Attacker can make changes to AC item {6} in function 9229c504
+--Attacker can make changes to AC item {6} in function () payable

Violated access control check in function collectFee()
	(  784)  310:	57	-2 +0 = -2	JUMPI
+--Attacker can make changes to AC item {6} in function 9229c504
+--Attacker can make changes to AC item {6} in function () payable


Checking contract for [4mMissing-AC-Check[0m 
------------------
Analysis time (secs): 6.48
End time: 27/08/2022 18:07:32
