Analyzing contract ../smartbugs_wild/bytecode//0xb8bf491636fb905eface49c2dbe23c9e7e564370.code
Start time: 27/08/2022 20:42:09
Building CFG...
CFG generation time (secs): 38.55

Checking contract for [4mViolated-AC-Check[0m 
------------------

Violated access control check in function transferFrom(address,address,uint256)
	( 5903) 170f:	57	-2 +0 = -2	JUMPI
+--Attacker can make changes to AC item {5} in function burnFrom(address,uint256)

Violated access control check in function buy()
	( 5903) 170f:	57	-2 +0 = -2	JUMPI
+--Attacker can make changes to AC item {5} in function burnFrom(address,uint256)

Violated access control check in function transfer(address,uint256)
	( 5903) 170f:	57	-2 +0 = -2	JUMPI
+--Attacker can make changes to AC item {5} in function burnFrom(address,uint256)

Violated access control check in function sell(uint256)
	( 5903) 170f:	57	-2 +0 = -2	JUMPI
+--Attacker can make changes to AC item {5} in function burnFrom(address,uint256)


Checking contract for [4mMissing-AC-Check[0m 
------------------
Analysis time (secs): 37.26
End time: 27/08/2022 20:43:24
