Analyzing contract ../smartbugs_wild/bytecode//0xc710772a16fd040ed9c63de0679a57410981e3fc.code
Start time: 28/08/2022 07:33:14
Building CFG...
CFG generation time (secs): 0.06

Checking contract for [4mViolated-AC-Check[0m 
------------------

Violated access control check in function withdrawTokenTo(address,address)
	( 1330)  532:	57	-2 +0 = -2	JUMPI
+--(Possible Intended Behavior) Attacker can make changes to AC item {0} in function init()
+--Attacker can make changes to AC item {0} in function transferOwnership(address)

Violated access control check in function transferOwnership(address)
	( 1590)  636:	57	-2 +0 = -2	JUMPI
+--(Possible Intended Behavior) Attacker can make changes to AC item {0} in function init()
+--Attacker can make changes to AC item {0} in function transferOwnership(address)

Violated access control check in function withdraw(address,uint256)
	( 1658)  67a:	57	-2 +0 = -2	JUMPI
+--(Possible Intended Behavior) Attacker can make changes to AC item {0} in function init()
+--Attacker can make changes to AC item {0} in function transferOwnership(address)


Checking contract for [4mMissing-AC-Check[0m 
------------------
(Controlable Address of SELFDESTRUCT) Missing access control check in function init()
Needed to protect following instruction in function kill()
(  885)  375:	ff	-1 +0 = -1	SELFDESTRUCT

(Non protected SELFDESTRUCT) Missing access control check in function kill()
Needed to protect following instruction in function kill()
(  885)  375:	ff	-1 +0 = -1	SELFDESTRUCT

Analysis time (secs): 2.00
End time: 28/08/2022 07:33:16
