Analyzing contract ../smartbugs_wild/bytecode//0xc7b559416533ac7a685d7c1899862a6a9a086503.code
Start time: 28/08/2022 07:51:31
Building CFG...
CFG generation time (secs): 11.97

Checking contract for [4mViolated-AC-Check[0m 
------------------

Violated access control check in function freezeTransfers()
	( 2706)  a92:	57	-2 +0 = -2	JUMPI
+--Attacker can make changes to AC item {2} in function DESALSale()

Violated access control check in function setOwner(address)
	( 3222)  c96:	57	-2 +0 = -2	JUMPI
+--Attacker can make changes to AC item {2} in function DESALSale()

Violated access control check in function allowTransfers()
	( 3524)  dc4:	57	-2 +0 = -2	JUMPI
+--Attacker can make changes to AC item {2} in function DESALSale()

Violated access control check in function unfreezeTransfers()
	( 3707)  e7b:	57	-2 +0 = -2	JUMPI
+--Attacker can make changes to AC item {2} in function DESALSale()

Violated access control check in function setState(uint8)
	( 3988)  f94:	57	-2 +0 = -2	JUMPI
+--Attacker can make changes to AC item {2} in function DESALSale()

Violated access control check in function stopTransfers()
	( 4507) 119b:	57	-2 +0 = -2	JUMPI
+--Attacker can make changes to AC item {2} in function DESALSale()

Violated access control check in function createTokens(uint256)
	( 4630) 1216:	57	-2 +0 = -2	JUMPI
+--Attacker can make changes to AC item {2} in function DESALSale()

Violated access control check in function setMinAmount(uint256)
	( 4964) 1364:	57	-2 +0 = -2	JUMPI
+--Attacker can make changes to AC item {2} in function DESALSale()

Violated access control check in function stopSale()
	( 5357) 14ed:	57	-2 +0 = -2	JUMPI
+--Attacker can make changes to AC item {2} in function DESALSale()

Violated access control check in function setBeneficiaryAddress(address)
	( 5487) 156f:	57	-2 +0 = -2	JUMPI
+--Attacker can make changes to AC item {2} in function DESALSale()


Checking contract for [4mMissing-AC-Check[0m 
------------------
Analysis time (secs): 17.01
End time: 28/08/2022 07:52:00
