Analyzing contract ../smartbugs_wild/bytecode//0xc82fe8071b352ee022fab5064ff5c0148e3ac3aa.code
Start time: 28/08/2022 08:01:54
Building CFG...
CFG generation time (secs): 0.10

Checking contract for [4mViolated-AC-Check[0m 
------------------

Violated access control check in function burn(uint256)
	( 4081)  ff1:	57	-2 +0 = -2	JUMPI
+--Attacker can make changes to AC item {9} in function placeBid()

Violated access control check in function fillBid()
	( 3430)  d66:	57	-2 +0 = -2	JUMPI
+--Attacker can make changes to AC item {9} in function placeBid()

Violated access control check in function transfer(address,uint256)
	( 5102) 13ee:	57	-2 +0 = -2	JUMPI
+--Attacker can make changes to AC item {9} in function placeBid()

Violated access control check in function cancelSale()
	( 6249) 1869:	57	-2 +0 = -2	JUMPI
+--Attacker can make changes to AC item {9} in function placeBid()

Violated access control check in function offerPieceForSale(uint256)
	( 3430)  d66:	57	-2 +0 = -2	JUMPI
+--Attacker can make changes to AC item {9} in function placeBid()


Checking contract for [4mMissing-AC-Check[0m 
------------------
Analysis time (secs): 45.81
End time: 28/08/2022 08:02:40
