Analyzing contract ../smartbugs_wild/bytecode//0xcdcfc0f66c522fd086a1b725ea3c0eeb9f9e8814.code
Start time: 28/08/2022 12:28:26
Building CFG...
CFG generation time (secs): 0.04

Checking contract for [4mViolated-AC-Check[0m 
------------------

Violated access control check in function unlockToken()
	( 1509)  5e5:	57	-2 +0 = -2	JUMPI
+--Attacker can make changes to AC item {0} in function setOwner(address)

Violated access control check in function lockBalances()
	( 1696)  6a0:	57	-2 +0 = -2	JUMPI
+--Attacker can make changes to AC item {0} in function setOwner(address)

Violated access control check in function transferFrom(address,address,uint256)
	( 2709)  a95:	57	-2 +0 = -2	JUMPI
+--Attacker can make changes to AC item {0} in function setOwner(address)

Violated access control check in function transfer(address,uint256)
	( 2709)  a95:	57	-2 +0 = -2	JUMPI
+--Attacker can make changes to AC item {0} in function setOwner(address)

Violated access control check in function uploadBalances(address[],uint256[])
	( 2309)  905:	57	-2 +0 = -2	JUMPI
+--Attacker can make changes to AC item {0} in function setOwner(address)


Checking contract for [4mMissing-AC-Check[0m 
------------------
Analysis time (secs): 2.65
End time: 28/08/2022 12:28:29
