Analyzing contract ../smartbugs_wild/bytecode//0xcdf9b522d962c0c45c9744ffa5ea6cedd07f6a6f.code
Start time: 28/08/2022 13:03:30
Building CFG...
CFG generation time (secs): 0.27

Checking contract for [4mViolated-AC-Check[0m 
------------------

Violated access control check in function paySuperPrize(address)
	( 1941)  795:	57	-2 +0 = -2	JUMPI
+--Attacker can make changes to AC item {8} in function setLoto(address)

Violated access control check in function setNewVersion(address)
	( 2256)  8d0:	57	-2 +0 = -2	JUMPI
+--Attacker can make changes to AC item {7} in function settleJackpot()
+--Attacker can make changes to AC item {7} in function setOldVersion(address)

Violated access control check in function migrate()
	( 2549)  9f5:	57	-2 +0 = -2	JUMPI
+--Attacker can make changes to AC item {7} in function settleJackpot()
+--Attacker can make changes to AC item {7} in function setOldVersion(address)

Violated access control check in function registerTicket(bytes16,address)
	( 4110) 100e:	57	-2 +0 = -2	JUMPI
+--Attacker can make changes to AC item {8} in function setLoto(address)

Violated access control check in function setOldVersion(address)
	( 4571) 11db:	57	-2 +0 = -2	JUMPI
+--Attacker can make changes to AC item {7} in function settleJackpot()
+--Attacker can make changes to AC item {7} in function setOldVersion(address)

Violated access control check in function setLoto(address)
	( 8929) 22e1:	57	-2 +0 = -2	JUMPI
+--Attacker can make changes to AC item {7} in function settleJackpot()
+--Attacker can make changes to AC item {7} in function setOldVersion(address)


Checking contract for [4mMissing-AC-Check[0m 
------------------
Analysis time (secs): 22.36
End time: 28/08/2022 13:03:52
