Analyzing contract ../smartbugs_wild/bytecode//0xcd4c5a9e6e87f789178be1ab96cc19751195d87a.code
Start time: 28/08/2022 12:05:13
Building CFG...
CFG generation time (secs): 9.93

Checking contract for [4mViolated-AC-Check[0m 
------------------

Violated access control check in function withdraw()
	( 1907)  773:	57	-2 +0 = -2	JUMPI
+--Attacker can make changes to AC item {1} in function ioxis()

Violated access control check in function burn(uint256)
	( 2003)  7d3:	57	-2 +0 = -2	JUMPI
+--Attacker can make changes to AC item {1} in function ioxis()

Violated access control check in function finishDistribution()
	( 2308)  904:	57	-2 +0 = -2	JUMPI
+--Attacker can make changes to AC item {1} in function ioxis()

Violated access control check in function withdrawForeignTokens(address)
	( 2890)  b4a:	57	-2 +0 = -2	JUMPI
+--Attacker can make changes to AC item {1} in function ioxis()

Violated access control check in function transferOwnership(address)
	( 3229)  c9d:	57	-2 +0 = -2	JUMPI
+--Attacker can make changes to AC item {1} in function ioxis()


Checking contract for [4mMissing-AC-Check[0m 
------------------
Analysis time (secs): 8.06
End time: 28/08/2022 12:05:31
