Analyzing contract ../smartbugs_wild/bytecode//0xceae314d493855918ab12705d944d3af81beeb3d.code
Start time: 28/08/2022 13:44:26
Building CFG...
CFG generation time (secs): 1.69

Checking contract for [4mViolated-AC-Check[0m 
------------------

Violated access control check in function withdrawAltcoinTokens(address)
	( 2814)  afe:	57	-2 +0 = -2	JUMPI
+--Attacker can make changes to AC item {1} in function spitoken()
+--Attacker can make changes to AC item {1} in function transferOwnership(address)

Violated access control check in function withdraw()
	( 4506) 119a:	57	-2 +0 = -2	JUMPI
+--Attacker can make changes to AC item {1} in function spitoken()
+--Attacker can make changes to AC item {1} in function transferOwnership(address)

Violated access control check in function burn(uint256)
	( 4738) 1282:	57	-2 +0 = -2	JUMPI
+--Attacker can make changes to AC item {1} in function spitoken()
+--Attacker can make changes to AC item {1} in function transferOwnership(address)

Violated access control check in function adminClaimAirdrop(address,uint256)
	( 5196) 144c:	57	-2 +0 = -2	JUMPI
+--Attacker can make changes to AC item {1} in function spitoken()
+--Attacker can make changes to AC item {1} in function transferOwnership(address)

Violated access control check in function adminClaimAirdropMultiple(address[],uint256)
	( 5304) 14b8:	57	-2 +0 = -2	JUMPI
+--Attacker can make changes to AC item {1} in function spitoken()
+--Attacker can make changes to AC item {1} in function transferOwnership(address)

Violated access control check in function finishDistribution()
	( 5593) 15d9:	57	-2 +0 = -2	JUMPI
+--Attacker can make changes to AC item {1} in function spitoken()
+--Attacker can make changes to AC item {1} in function transferOwnership(address)

Violated access control check in function updateTokensPerEth(uint256)
	( 5791) 169f:	57	-2 +0 = -2	JUMPI
+--Attacker can make changes to AC item {1} in function spitoken()
+--Attacker can make changes to AC item {1} in function transferOwnership(address)

Violated access control check in function transferOwnership(address)
	( 6931) 1b13:	57	-2 +0 = -2	JUMPI
+--Attacker can make changes to AC item {1} in function spitoken()
+--Attacker can make changes to AC item {1} in function transferOwnership(address)


Checking contract for [4mMissing-AC-Check[0m 
------------------
Analysis time (secs): 4.99
End time: 28/08/2022 13:44:33
