Analyzing contract ../smartbugs_wild/bytecode//0xd23043ce917ac39309f49dba82f264994d3ade76.code
Start time: 28/08/2022 16:24:18
Building CFG...
CFG generation time (secs): 23.95

Checking contract for [4mViolated-AC-Check[0m 
------------------

Violated access control check in function approve(address,uint256)
	( 2667)  a6b:	57	-2 +0 = -2	JUMPI
+--Attacker can make changes to AC item {0} in function mint(address,uint256)

Violated access control check in function transferFrom(address,address,uint256)
	( 5340) 14dc:	57	-2 +0 = -2	JUMPI
+--Attacker can make changes to AC item {0} in function mint(address,uint256)

Violated access control check in function safeTransferFrom(address,address,uint256)
	( 5340) 14dc:	57	-2 +0 = -2	JUMPI
+--Attacker can make changes to AC item {0} in function mint(address,uint256)

Violated access control check in function safeTransferFrom(address,address,uint256,bytes)
	( 5340) 14dc:	57	-2 +0 = -2	JUMPI
+--Attacker can make changes to AC item {0} in function mint(address,uint256)

Violated access control check in function c524067f
	( 5340) 14dc:	57	-2 +0 = -2	JUMPI
+--Attacker can make changes to AC item {0} in function mint(address,uint256)


Checking contract for [4mMissing-AC-Check[0m 
------------------
Analysis time (secs): 72.29
End time: 28/08/2022 16:25:54
