Analyzing contract ../smartbugs_wild/bytecode//0xd282aaabc2b194ebba0da2b98ef1c9c66eb24931.code
Start time: 28/08/2022 16:46:17
Building CFG...
CFG generation time (secs): 0.01

Checking contract for [4mViolated-AC-Check[0m 
------------------

Violated access control check in function UnFreezeProduct(uint256)
	( 1136)  470:	57	-2 +0 = -2	JUMPI
+--Attacker can make changes to AC item {3} in function AddProduct(uint256)
+--Attacker can make changes to AC item {3} in function UnFreezeProduct(uint256)
+--Attacker can make changes to AC item {3} in function FreezeProduct(uint256)

Violated access control check in function FreezeProduct(uint256)
	( 1893)  765:	57	-2 +0 = -2	JUMPI
+--Attacker can make changes to AC item {3} in function AddProduct(uint256)
+--Attacker can make changes to AC item {3} in function UnFreezeProduct(uint256)
+--Attacker can make changes to AC item {3} in function FreezeProduct(uint256)


Checking contract for [4mMissing-AC-Check[0m 
------------------
Analysis time (secs): 2.22
End time: 28/08/2022 16:46:20
