Analyzing contract ../smartbugs_wild/bytecode//0xd58132f2fbd65f02beee0626542e6ee059009ab4.code
Start time: 29/08/2022 00:14:42
Building CFG...
CFG generation time (secs): 9.98

Checking contract for [4mViolated-AC-Check[0m 
------------------

Violated access control check in function withdraw()
	( 1907)  773:	57	-2 +0 = -2	JUMPI
+--Attacker can make changes to AC item {1} in function XBornID()
+--Attacker can make changes to AC item {1} in function transferOwnership(address)

Violated access control check in function burn(uint256)
	( 2003)  7d3:	57	-2 +0 = -2	JUMPI
+--Attacker can make changes to AC item {1} in function XBornID()
+--Attacker can make changes to AC item {1} in function transferOwnership(address)

Violated access control check in function finishDistribution()
	( 2308)  904:	57	-2 +0 = -2	JUMPI
+--Attacker can make changes to AC item {1} in function XBornID()
+--Attacker can make changes to AC item {1} in function transferOwnership(address)

Violated access control check in function withdrawForeignTokens(address)
	( 2955)  b8b:	57	-2 +0 = -2	JUMPI
+--Attacker can make changes to AC item {1} in function XBornID()
+--Attacker can make changes to AC item {1} in function transferOwnership(address)

Violated access control check in function transferOwnership(address)
	( 3294)  cde:	57	-2 +0 = -2	JUMPI
+--Attacker can make changes to AC item {1} in function XBornID()
+--Attacker can make changes to AC item {1} in function transferOwnership(address)


Checking contract for [4mMissing-AC-Check[0m 
------------------
Analysis time (secs): 8.74
End time: 29/08/2022 00:15:01
