Analyzing contract ../smartbugs_wild/bytecode//0xd71a90c6903c698b643ac007a7a279f34e444dc3.code
Start time: 29/08/2022 09:58:23
Building CFG...
CFG generation time (secs): 0.06

Checking contract for [4mViolated-AC-Check[0m 
------------------

Violated access control check in function withdrawTo(address,uint256)
	(  629)  275:	57	-2 +0 = -2	JUMPI
+--(Possible Intended Behavior) Attacker can make changes to AC item {0} in function a2d97fa7
+--Attacker can make changes to AC item {0} in function transferOwnership(address)

Violated access control check in function withdraw(uint256)
	(  629)  275:	57	-2 +0 = -2	JUMPI
+--(Possible Intended Behavior) Attacker can make changes to AC item {0} in function a2d97fa7
+--Attacker can make changes to AC item {0} in function transferOwnership(address)

Violated access control check in function transferOwnership(address)
	( 1010)  3f2:	57	-2 +0 = -2	JUMPI
+--(Possible Intended Behavior) Attacker can make changes to AC item {0} in function a2d97fa7
+--Attacker can make changes to AC item {0} in function transferOwnership(address)


Checking contract for [4mMissing-AC-Check[0m 
------------------
(Controlable Address of SELFDESTRUCT) Missing access control check in function a2d97fa7
Needed to protect following instruction in function kill()
(  874)  36a:	ff	-1 +0 = -1	SELFDESTRUCT

(Non protected SELFDESTRUCT) Missing access control check in function kill()
Needed to protect following instruction in function kill()
(  874)  36a:	ff	-1 +0 = -1	SELFDESTRUCT

Analysis time (secs): 1.74
End time: 29/08/2022 09:58:25
