Analyzing contract ../smartbugs_wild/bytecode//0xe30a76ec9168639f09061e602924ae601d341066.code
Start time: 31/08/2022 02:21:48
Building CFG...
CFG generation time (secs): 9.82

Checking contract for [4mViolated-AC-Check[0m 
------------------

Violated access control check in function withdraw()
	( 1972)  7b4:	57	-2 +0 = -2	JUMPI
+--Attacker can make changes to AC item {1} in function NETM()
+--Attacker can make changes to AC item {1} in function transferOwnership(address)

Violated access control check in function burn(uint256)
	( 2068)  814:	57	-2 +0 = -2	JUMPI
+--Attacker can make changes to AC item {1} in function NETM()
+--Attacker can make changes to AC item {1} in function transferOwnership(address)

Violated access control check in function finishDistribution()
	( 2373)  945:	57	-2 +0 = -2	JUMPI
+--Attacker can make changes to AC item {1} in function NETM()
+--Attacker can make changes to AC item {1} in function transferOwnership(address)

Violated access control check in function withdrawForeignTokens(address)
	( 2955)  b8b:	57	-2 +0 = -2	JUMPI
+--Attacker can make changes to AC item {1} in function NETM()
+--Attacker can make changes to AC item {1} in function transferOwnership(address)

Violated access control check in function transferOwnership(address)
	( 3294)  cde:	57	-2 +0 = -2	JUMPI
+--Attacker can make changes to AC item {1} in function NETM()
+--Attacker can make changes to AC item {1} in function transferOwnership(address)


Checking contract for [4mMissing-AC-Check[0m 
------------------
Analysis time (secs): 8.47
End time: 31/08/2022 02:22:06
