Analyzing contract ../smartbugs_wild/bytecode//0xe82719202e5965cf5d9b6673b7503a3b92de20be.code
Start time: 31/08/2022 09:17:43
Building CFG...
CFG generation time (secs): 0.05

Checking contract for [4mViolated-AC-Check[0m 
------------------

Violated access control check in function 4229616d
	(  350)  15e:	57	-2 +0 = -2	JUMPI
+--Attacker can make changes to AC item {5} in function DynamicPyramid()
+--Attacker can make changes to AC item {5} in function changeOwner(address)

Violated access control check in function collectAllFees()
	(  490)  1ea:	57	-2 +0 = -2	JUMPI
+--Attacker can make changes to AC item {5} in function DynamicPyramid()
+--Attacker can make changes to AC item {5} in function changeOwner(address)

Violated access control check in function changeOwner(address)
	(  787)  313:	57	-2 +0 = -2	JUMPI
+--Attacker can make changes to AC item {5} in function DynamicPyramid()
+--Attacker can make changes to AC item {5} in function changeOwner(address)

Violated access control check in function b4022950
	(  838)  346:	57	-2 +0 = -2	JUMPI
+--Attacker can make changes to AC item {5} in function DynamicPyramid()
+--Attacker can make changes to AC item {5} in function changeOwner(address)

Violated access control check in function ced92670
	(  900)  384:	57	-2 +0 = -2	JUMPI
+--Attacker can make changes to AC item {5} in function DynamicPyramid()
+--Attacker can make changes to AC item {5} in function changeOwner(address)

Violated access control check in function changeFeePercentage(uint256)
	(  968)  3c8:	57	-2 +0 = -2	JUMPI
+--Attacker can make changes to AC item {5} in function DynamicPyramid()
+--Attacker can make changes to AC item {5} in function changeOwner(address)


Checking contract for [4mMissing-AC-Check[0m 
------------------
Analysis time (secs): 3.10
End time: 31/08/2022 09:17:46
