Analyzing contract ../smartbugs_wild/bytecode//0xf3c8ed6c721774c022c530e813a369dfe78a6e85.code
Start time: 01/09/2022 03:06:09
Building CFG...
CFG generation time (secs): 0.40

Checking contract for [4mViolated-AC-Check[0m 
------------------

Violated access control check in function approve(address,uint256)
	( 4761) 1299:	57	-2 +0 = -2	JUMPI
+--Attacker can make changes to AC item {15} in function buySprite(uint256)
+--Attacker can make changes to AC item {15} in function listSpriteForSale(uint256,uint256)
+--Attacker can make changes to AC item {15} in function transfer(address,uint256)

Violated access control check in function removeSpriteFromSale(uint256)
	( 9461) 24f5:	57	-2 +0 = -2	JUMPI
+--Attacker can make changes to AC item {15} in function buySprite(uint256)
+--Attacker can make changes to AC item {15} in function listSpriteForSale(uint256,uint256)
+--Attacker can make changes to AC item {15} in function transfer(address,uint256)

Violated access control check in function listSpriteForSale(uint256,uint256)
	(10351) 286f:	57	-2 +0 = -2	JUMPI
+--Attacker can make changes to AC item {15} in function buySprite(uint256)
+--Attacker can make changes to AC item {15} in function listSpriteForSale(uint256,uint256)
+--Attacker can make changes to AC item {15} in function transfer(address,uint256)

Violated access control check in function transfer(address,uint256)
	(13440) 3480:	57	-2 +0 = -2	JUMPI
+--Attacker can make changes to AC item {15} in function buySprite(uint256)
+--Attacker can make changes to AC item {15} in function listSpriteForSale(uint256,uint256)
+--Attacker can make changes to AC item {15} in function transfer(address,uint256)

Violated access control check in function disapprove(address,uint256)
	(16957) 423d:	57	-2 +0 = -2	JUMPI
+--Attacker can make changes to AC item {15} in function buySprite(uint256)
+--Attacker can make changes to AC item {15} in function listSpriteForSale(uint256,uint256)
+--Attacker can make changes to AC item {15} in function transfer(address,uint256)


Checking contract for [4mMissing-AC-Check[0m 
------------------
Analysis time (secs): 12.67
End time: 01/09/2022 03:06:22
