Analyzing contract ../smartbugs_wild/bytecode//0xf5a467995fceb971b708ef0dee3220ee3b9b6296.code
Start time: 01/09/2022 05:50:50
Building CFG...
CFG generation time (secs): 68.26

Checking contract for [4mViolated-AC-Check[0m 
------------------

Violated access control check in function transferFrom(address,address,uint256)
	( 3476)  d94:	57	-2 +0 = -2	JUMPI
+--Attacker can make changes to AC item {5} in function giveBlockReward()
+--Attacker can make changes to AC item {4} in function giveBlockReward()

Violated access control check in function burn(uint256)
	( 3476)  d94:	57	-2 +0 = -2	JUMPI
+--Attacker can make changes to AC item {5} in function giveBlockReward()
+--Attacker can make changes to AC item {4} in function giveBlockReward()

Violated access control check in function () payable
	( 3476)  d94:	57	-2 +0 = -2	JUMPI
+--Attacker can make changes to AC item {5} in function giveBlockReward()
+--Attacker can make changes to AC item {4} in function giveBlockReward()

Violated access control check in function mintToken(address,uint256)
	( 3497)  da9:	57	-2 +0 = -2	JUMPI
+--Attacker can make changes to AC item {5} in function giveBlockReward()
+--Attacker can make changes to AC item {4} in function giveBlockReward()

Violated access control check in function burnFrom(address,uint256)
	( 3476)  d94:	57	-2 +0 = -2	JUMPI
+--Attacker can make changes to AC item {5} in function giveBlockReward()
+--Attacker can make changes to AC item {4} in function giveBlockReward()

Violated access control check in function transfer(address,uint256)
	( 3476)  d94:	57	-2 +0 = -2	JUMPI
+--Attacker can make changes to AC item {5} in function giveBlockReward()
+--Attacker can make changes to AC item {4} in function giveBlockReward()

Violated access control check in function buy()
	( 3476)  d94:	57	-2 +0 = -2	JUMPI
+--Attacker can make changes to AC item {5} in function giveBlockReward()
+--Attacker can make changes to AC item {4} in function giveBlockReward()


Checking contract for [4mMissing-AC-Check[0m 
------------------
Analysis time (secs): 26.85
End time: 01/09/2022 05:52:25
