Analyzing contract ../smartbugs_wild/bytecode//0xf669d2963fd7daef7bfacbbe35392066ee08f9cb.code
Start time: 01/09/2022 06:41:45
Building CFG...
CFG generation time (secs): 3.36

Checking contract for [4mViolated-AC-Check[0m 
------------------

Violated access control check in function withdrawAltcoinTokens(address)
	( 1581)  62d:	57	-2 +0 = -2	JUMPI
+--Attacker can make changes to AC item {1} in function nexus()
+--Attacker can make changes to AC item {1} in function transferOwnership(address)

Violated access control check in function withdraw()
	( 2295)  8f7:	57	-2 +0 = -2	JUMPI
+--Attacker can make changes to AC item {1} in function nexus()
+--Attacker can make changes to AC item {1} in function transferOwnership(address)

Violated access control check in function burn(uint256)
	( 2391)  957:	57	-2 +0 = -2	JUMPI
+--Attacker can make changes to AC item {1} in function nexus()
+--Attacker can make changes to AC item {1} in function transferOwnership(address)

Violated access control check in function adminClaimAirdrop(address,uint256)
	( 2611)  a33:	57	-2 +0 = -2	JUMPI
+--Attacker can make changes to AC item {1} in function nexus()
+--Attacker can make changes to AC item {1} in function transferOwnership(address)

Violated access control check in function adminClaimAirdropMultiple(address[],uint256)
	( 2647)  a57:	57	-2 +0 = -2	JUMPI
+--Attacker can make changes to AC item {1} in function nexus()
+--Attacker can make changes to AC item {1} in function transferOwnership(address)

Violated access control check in function finishDistribution()
	( 2809)  af9:	57	-2 +0 = -2	JUMPI
+--Attacker can make changes to AC item {1} in function nexus()
+--Attacker can make changes to AC item {1} in function transferOwnership(address)

Violated access control check in function updateTokensPerEth(uint256)
	( 2905)  b59:	57	-2 +0 = -2	JUMPI
+--Attacker can make changes to AC item {1} in function nexus()
+--Attacker can make changes to AC item {1} in function transferOwnership(address)

Violated access control check in function transferOwnership(address)
	( 3524)  dc4:	57	-2 +0 = -2	JUMPI
+--Attacker can make changes to AC item {1} in function nexus()
+--Attacker can make changes to AC item {1} in function transferOwnership(address)


Checking contract for [4mMissing-AC-Check[0m 
------------------
Analysis time (secs): 5.63
End time: 01/09/2022 06:41:54
