Analyzing contract ../smartbugs_wild/bytecode//0xfa82f0a05b732deaf9ae17a945c65921c28b16dd.code
Start time: 01/09/2022 11:52:28
Building CFG...
CFG generation time (secs): 0.04

Checking contract for [4mViolated-AC-Check[0m 
------------------

Violated access control check in function update(address)
	( 1634)  662:	57	-2 +0 = -2	JUMPI
+--Attacker can make changes to AC item {0} in function Relay(address)
+--Attacker can make changes to AC item {0} in function Owned()

Violated access control check in function transferEther(uint256)
	( 1995)  7cb:	57	-2 +0 = -2	JUMPI
+--Attacker can make changes to AC item {0} in function Relay(address)
+--Attacker can make changes to AC item {0} in function Owned()

Violated access control check in function acceptOwnership()
	( 2122)  84a:	57	-2 +0 = -2	JUMPI
+--Attacker can make changes to AC item {1} in function transferOwnership(address)

Violated access control check in function transferAnyERC20Token(address,uint256)
	( 3092)  c14:	57	-2 +0 = -2	JUMPI
+--Attacker can make changes to AC item {0} in function Relay(address)
+--Attacker can make changes to AC item {0} in function Owned()

Violated access control check in function transferOwnership(address)
	( 3337)  d09:	57	-2 +0 = -2	JUMPI
+--Attacker can make changes to AC item {0} in function Relay(address)
+--Attacker can make changes to AC item {0} in function Owned()


Checking contract for [4mMissing-AC-Check[0m 
------------------
Analysis time (secs): 3.32
End time: 01/09/2022 11:52:31
