Analyzing contract ../smartbugs_wild/bytecode//0xffc80f7403ff8c1aee200ad110fe0fa28d213445.code
Start time: 01/09/2022 19:17:26
Building CFG...
CFG generation time (secs): 0.03

Checking contract for [4mViolated-AC-Check[0m 
------------------

Violated access control check in function withdrawTokenTo(address,address,uint256)
	(  773)  305:	57	-2 +0 = -2	JUMPI
+--(Possible Intended Behavior) Attacker can make changes to AC item {0} in function init()
+--Attacker can make changes to AC item {0} in function transferOwnership(address)

Violated access control check in function transferOwnership(address)
	( 1212)  4bc:	57	-2 +0 = -2	JUMPI
+--(Possible Intended Behavior) Attacker can make changes to AC item {0} in function init()
+--Attacker can make changes to AC item {0} in function transferOwnership(address)

Violated access control check in function withdraw(address,uint256)
	( 1282)  502:	57	-2 +0 = -2	JUMPI
+--(Possible Intended Behavior) Attacker can make changes to AC item {0} in function init()
+--Attacker can make changes to AC item {0} in function transferOwnership(address)


Checking contract for [4mMissing-AC-Check[0m 
------------------
(Controlable Address of SELFDESTRUCT) Missing access control check in function init()
Needed to protect following instruction in function kill()
(  942)  3ae:	ff	-1 +0 = -1	SELFDESTRUCT

(Non protected SELFDESTRUCT) Missing access control check in function kill()
Needed to protect following instruction in function kill()
(  942)  3ae:	ff	-1 +0 = -1	SELFDESTRUCT

Analysis time (secs): 1.94
End time: 01/09/2022 19:17:28
